[2024-10-07T13:23:13.270+0000] {local_task_job_runner.py:123} INFO - ::group::Pre task execution logs
[2024-10-07T13:23:13.277+0000] {taskinstance.py:2612} INFO - Dependencies all met for dep_context=non-requeueable deps ti=<TaskInstance: csv_to_star_schema_to_s3_to_redshift.transform_to_star_schema manual__2024-10-07T13:23:12.217197+00:00 [queued]>
[2024-10-07T13:23:13.282+0000] {taskinstance.py:2612} INFO - Dependencies all met for dep_context=requeueable deps ti=<TaskInstance: csv_to_star_schema_to_s3_to_redshift.transform_to_star_schema manual__2024-10-07T13:23:12.217197+00:00 [queued]>
[2024-10-07T13:23:13.282+0000] {taskinstance.py:2865} INFO - Starting attempt 1 of 2
[2024-10-07T13:23:13.291+0000] {taskinstance.py:2888} INFO - Executing <Task(PythonOperator): transform_to_star_schema> on 2024-10-07 13:23:12.217197+00:00
[2024-10-07T13:23:13.296+0000] {logging_mixin.py:190} WARNING - /home/***/.local/lib/python3.12/site-packages/***/task/task_runner/standard_task_runner.py:70 DeprecationWarning: This process (pid=11558) is multi-threaded, use of fork() may lead to deadlocks in the child.
[2024-10-07T13:23:13.297+0000] {standard_task_runner.py:72} INFO - Started process 11560 to run task
[2024-10-07T13:23:13.296+0000] {standard_task_runner.py:104} INFO - Running: ['***', 'tasks', 'run', 'csv_to_star_schema_to_s3_to_redshift', 'transform_to_star_schema', 'manual__2024-10-07T13:23:12.217197+00:00', '--job-id', '138', '--raw', '--subdir', 'DAGS_FOLDER/sales_pipeline.py', '--cfg-path', '/tmp/tmpuqz3gbtr']
[2024-10-07T13:23:13.298+0000] {standard_task_runner.py:105} INFO - Job 138: Subtask transform_to_star_schema
[2024-10-07T13:23:13.308+0000] {logging_mixin.py:190} WARNING - /home/***/.local/lib/python3.12/site-packages/***/settings.py:209 DeprecationWarning: The sql_alchemy_conn option in [core] has been moved to the sql_alchemy_conn option in [database] - the old setting has been used, but please update your config.
[2024-10-07T13:23:13.326+0000] {task_command.py:467} INFO - Running <TaskInstance: csv_to_star_schema_to_s3_to_redshift.transform_to_star_schema manual__2024-10-07T13:23:12.217197+00:00 [running]> on host 66045655c750
[2024-10-07T13:23:13.370+0000] {taskinstance.py:3131} INFO - Exporting env vars: AIRFLOW_CTX_DAG_OWNER='***' AIRFLOW_CTX_DAG_ID='csv_to_star_schema_to_s3_to_redshift' AIRFLOW_CTX_TASK_ID='transform_to_star_schema' AIRFLOW_CTX_EXECUTION_DATE='2024-10-07T13:23:12.217197+00:00' AIRFLOW_CTX_TRY_NUMBER='1' AIRFLOW_CTX_DAG_RUN_ID='manual__2024-10-07T13:23:12.217197+00:00'
[2024-10-07T13:23:13.371+0000] {taskinstance.py:731} INFO - ::endgroup::
[2024-10-07T13:23:13.473+0000] {logging_mixin.py:190} INFO - Original number of rows: 51290
[2024-10-07T13:23:13.473+0000] {logging_mixin.py:190} INFO - Columns in the input file: ['Order_Date', 'Time', 'Aging', 'Customer_Id', 'Gender', 'Device_Type', 'Customer_Login_type', 'Product_Category', 'Product', 'Sales', 'Quantity', 'Discount', 'Profit', 'Shipping_Cost', 'Order_Priority', 'Payment_method']
[2024-10-07T13:23:13.496+0000] {logging_mixin.py:190} INFO - Number of rows after removing nulls: 51282
[2024-10-07T13:23:13.522+0000] {logging_mixin.py:190} INFO - Final number of rows: 51282
[2024-10-07T13:23:14.233+0000] {python.py:240} INFO - Done. Returned value was: {'dim_customer': '/opt/***/data/star_schema/dim_customer.csv', 'dim_product': '/opt/***/data/star_schema/dim_product.csv', 'dim_date': '/opt/***/data/star_schema/dim_date.csv', 'fact_sales': '/opt/***/data/star_schema/fact_sales.csv'}
[2024-10-07T13:23:14.247+0000] {taskinstance.py:340} INFO - ::group::Post task execution logs
[2024-10-07T13:23:14.248+0000] {taskinstance.py:352} INFO - Marking task as SUCCESS. dag_id=csv_to_star_schema_to_s3_to_redshift, task_id=transform_to_star_schema, run_id=manual__2024-10-07T13:23:12.217197+00:00, execution_date=20241007T132312, start_date=20241007T132313, end_date=20241007T132314
[2024-10-07T13:23:14.274+0000] {local_task_job_runner.py:266} INFO - Task exited with return code 0
[2024-10-07T13:23:14.292+0000] {taskinstance.py:3900} INFO - 1 downstream tasks scheduled from follow-on schedule check
[2024-10-07T13:23:14.295+0000] {local_task_job_runner.py:245} INFO - ::endgroup::
