[2024-10-07T13:26:18.158+0000] {local_task_job_runner.py:123} INFO - ::group::Pre task execution logs
[2024-10-07T13:26:18.167+0000] {taskinstance.py:2612} INFO - Dependencies all met for dep_context=non-requeueable deps ti=<TaskInstance: csv_to_star_schema_to_s3_to_redshift.upload_fact_sales_to_s3 manual__2024-10-07T13:23:12.217197+00:00 [queued]>
[2024-10-07T13:26:18.172+0000] {taskinstance.py:2612} INFO - Dependencies all met for dep_context=requeueable deps ti=<TaskInstance: csv_to_star_schema_to_s3_to_redshift.upload_fact_sales_to_s3 manual__2024-10-07T13:23:12.217197+00:00 [queued]>
[2024-10-07T13:26:18.172+0000] {taskinstance.py:2865} INFO - Starting attempt 2 of 2
[2024-10-07T13:26:18.183+0000] {taskinstance.py:2888} INFO - Executing <Task(LocalFilesystemToS3Operator): upload_fact_sales_to_s3> on 2024-10-07 13:23:12.217197+00:00
[2024-10-07T13:26:18.188+0000] {logging_mixin.py:190} WARNING - /home/***/.local/lib/python3.12/site-packages/***/task/task_runner/standard_task_runner.py:70 DeprecationWarning: This process (pid=11714) is multi-threaded, use of fork() may lead to deadlocks in the child.
[2024-10-07T13:26:18.189+0000] {standard_task_runner.py:72} INFO - Started process 11719 to run task
[2024-10-07T13:26:18.188+0000] {standard_task_runner.py:104} INFO - Running: ['***', 'tasks', 'run', 'csv_to_star_schema_to_s3_to_redshift', 'upload_fact_sales_to_s3', 'manual__2024-10-07T13:23:12.217197+00:00', '--job-id', '155', '--raw', '--subdir', 'DAGS_FOLDER/sales_pipeline.py', '--cfg-path', '/tmp/tmpbo661pcm']
[2024-10-07T13:26:18.190+0000] {standard_task_runner.py:105} INFO - Job 155: Subtask upload_fact_sales_to_s3
[2024-10-07T13:26:18.201+0000] {logging_mixin.py:190} WARNING - /home/***/.local/lib/python3.12/site-packages/***/settings.py:209 DeprecationWarning: The sql_alchemy_conn option in [core] has been moved to the sql_alchemy_conn option in [database] - the old setting has been used, but please update your config.
[2024-10-07T13:26:18.219+0000] {task_command.py:467} INFO - Running <TaskInstance: csv_to_star_schema_to_s3_to_redshift.upload_fact_sales_to_s3 manual__2024-10-07T13:23:12.217197+00:00 [running]> on host 66045655c750
[2024-10-07T13:26:18.269+0000] {taskinstance.py:3131} INFO - Exporting env vars: AIRFLOW_CTX_DAG_OWNER='***' AIRFLOW_CTX_DAG_ID='csv_to_star_schema_to_s3_to_redshift' AIRFLOW_CTX_TASK_ID='upload_fact_sales_to_s3' AIRFLOW_CTX_EXECUTION_DATE='2024-10-07T13:23:12.217197+00:00' AIRFLOW_CTX_TRY_NUMBER='2' AIRFLOW_CTX_DAG_RUN_ID='manual__2024-10-07T13:23:12.217197+00:00'
[2024-10-07T13:26:18.270+0000] {taskinstance.py:731} INFO - ::endgroup::
[2024-10-07T13:26:18.288+0000] {base.py:84} INFO - Retrieving connection 'aws_default'
[2024-10-07T13:26:18.289+0000] {connection_wrapper.py:388} INFO - AWS Connection (conn_id='aws_default', conn_type='aws') credentials retrieved from login and password.
[2024-10-07T13:26:20.182+0000] {taskinstance.py:340} INFO - ::group::Post task execution logs
[2024-10-07T13:26:20.183+0000] {taskinstance.py:352} INFO - Marking task as SUCCESS. dag_id=csv_to_star_schema_to_s3_to_redshift, task_id=upload_fact_sales_to_s3, run_id=manual__2024-10-07T13:23:12.217197+00:00, execution_date=20241007T132312, start_date=20241007T132618, end_date=20241007T132620
[2024-10-07T13:26:20.209+0000] {local_task_job_runner.py:266} INFO - Task exited with return code 0
[2024-10-07T13:26:20.221+0000] {taskinstance.py:3900} INFO - 1 downstream tasks scheduled from follow-on schedule check
[2024-10-07T13:26:20.224+0000] {local_task_job_runner.py:245} INFO - ::endgroup::
