[2024-10-10T18:07:56.359+0000] {local_task_job_runner.py:123} INFO - ::group::Pre task execution logs
[2024-10-10T18:07:56.367+0000] {taskinstance.py:2612} INFO - Dependencies all met for dep_context=non-requeueable deps ti=<TaskInstance: csv_to_star_schema_to_s3_to_redshift.create_schema manual__2024-10-10T18:07:53.210079+00:00 [queued]>
[2024-10-10T18:07:56.372+0000] {taskinstance.py:2612} INFO - Dependencies all met for dep_context=requeueable deps ti=<TaskInstance: csv_to_star_schema_to_s3_to_redshift.create_schema manual__2024-10-10T18:07:53.210079+00:00 [queued]>
[2024-10-10T18:07:56.373+0000] {taskinstance.py:2865} INFO - Starting attempt 1 of 2
[2024-10-10T18:07:56.381+0000] {taskinstance.py:2888} INFO - Executing <Task(SQLExecuteQueryOperator): create_schema> on 2024-10-10 18:07:53.210079+00:00
[2024-10-10T18:07:56.386+0000] {logging_mixin.py:190} WARNING - /home/***/.local/lib/python3.12/site-packages/***/task/task_runner/standard_task_runner.py:70 DeprecationWarning: This process (pid=250) is multi-threaded, use of fork() may lead to deadlocks in the child.
[2024-10-10T18:07:56.386+0000] {standard_task_runner.py:104} INFO - Running: ['***', 'tasks', 'run', 'csv_to_star_schema_to_s3_to_redshift', 'create_schema', 'manual__2024-10-10T18:07:53.210079+00:00', '--job-id', '160', '--raw', '--subdir', 'DAGS_FOLDER/sales_pipeline.py', '--cfg-path', '/tmp/tmp7czcf2dl']
[2024-10-10T18:07:56.387+0000] {standard_task_runner.py:72} INFO - Started process 252 to run task
[2024-10-10T18:07:56.388+0000] {standard_task_runner.py:105} INFO - Job 160: Subtask create_schema
[2024-10-10T18:07:56.399+0000] {logging_mixin.py:190} WARNING - /home/***/.local/lib/python3.12/site-packages/***/settings.py:209 DeprecationWarning: The sql_alchemy_conn option in [core] has been moved to the sql_alchemy_conn option in [database] - the old setting has been used, but please update your config.
[2024-10-10T18:07:56.418+0000] {task_command.py:467} INFO - Running <TaskInstance: csv_to_star_schema_to_s3_to_redshift.create_schema manual__2024-10-10T18:07:53.210079+00:00 [running]> on host 66045655c750
[2024-10-10T18:07:56.469+0000] {taskinstance.py:3131} INFO - Exporting env vars: AIRFLOW_CTX_DAG_OWNER='***' AIRFLOW_CTX_DAG_ID='csv_to_star_schema_to_s3_to_redshift' AIRFLOW_CTX_TASK_ID='create_schema' AIRFLOW_CTX_EXECUTION_DATE='2024-10-10T18:07:53.210079+00:00' AIRFLOW_CTX_TRY_NUMBER='1' AIRFLOW_CTX_DAG_RUN_ID='manual__2024-10-10T18:07:53.210079+00:00'
[2024-10-10T18:07:56.470+0000] {taskinstance.py:731} INFO - ::endgroup::
[2024-10-10T18:07:56.479+0000] {sql.py:266} INFO - Executing: CREATE SCHEMA IF NOT EXISTS etl_data;
[2024-10-10T18:07:56.488+0000] {base.py:84} INFO - Retrieving connection 'redshift_default'
[2024-10-10T18:07:56.495+0000] {base.py:84} INFO - Retrieving connection 'redshift_default'
[2024-10-10T18:07:56.499+0000] {base.py:84} INFO - Retrieving connection 'aws_default'
[2024-10-10T18:07:56.500+0000] {connection_wrapper.py:388} INFO - AWS Connection (conn_id='aws_default', conn_type='aws') credentials retrieved from login and password.
[2024-10-10T18:07:57.949+0000] {credentials.py:1147} INFO - Found credentials in environment variables.
[2024-10-10T18:08:01.206+0000] {sql.py:509} INFO - Running statement: CREATE SCHEMA IF NOT EXISTS etl_data;, parameters: None
[2024-10-10T18:08:20.336+0000] {taskinstance.py:340} INFO - ::group::Post task execution logs
[2024-10-10T18:08:20.337+0000] {taskinstance.py:352} INFO - Marking task as SUCCESS. dag_id=csv_to_star_schema_to_s3_to_redshift, task_id=create_schema, run_id=manual__2024-10-10T18:07:53.210079+00:00, execution_date=20241010T180753, start_date=20241010T180756, end_date=20241010T180820
[2024-10-10T18:08:20.382+0000] {local_task_job_runner.py:266} INFO - Task exited with return code 0
[2024-10-10T18:08:20.397+0000] {taskinstance.py:3900} INFO - 4 downstream tasks scheduled from follow-on schedule check
[2024-10-10T18:08:20.401+0000] {local_task_job_runner.py:245} INFO - ::endgroup::
