[2024-10-07T13:26:21.223+0000] {local_task_job_runner.py:123} INFO - ::group::Pre task execution logs
[2024-10-07T13:26:21.231+0000] {taskinstance.py:2612} INFO - Dependencies all met for dep_context=non-requeueable deps ti=<TaskInstance: csv_to_star_schema_to_s3_to_redshift.transfer_fact_sales_to_redshift manual__2024-10-07T13:23:12.217197+00:00 [queued]>
[2024-10-07T13:26:21.236+0000] {taskinstance.py:2612} INFO - Dependencies all met for dep_context=requeueable deps ti=<TaskInstance: csv_to_star_schema_to_s3_to_redshift.transfer_fact_sales_to_redshift manual__2024-10-07T13:23:12.217197+00:00 [queued]>
[2024-10-07T13:26:21.237+0000] {taskinstance.py:2865} INFO - Starting attempt 1 of 2
[2024-10-07T13:26:21.246+0000] {taskinstance.py:2888} INFO - Executing <Task(S3ToRedshiftOperator): transfer_fact_sales_to_redshift> on 2024-10-07 13:23:12.217197+00:00
[2024-10-07T13:26:21.251+0000] {logging_mixin.py:190} WARNING - /home/***/.local/lib/python3.12/site-packages/***/task/task_runner/standard_task_runner.py:70 DeprecationWarning: This process (pid=11732) is multi-threaded, use of fork() may lead to deadlocks in the child.
[2024-10-07T13:26:21.252+0000] {standard_task_runner.py:104} INFO - Running: ['***', 'tasks', 'run', 'csv_to_star_schema_to_s3_to_redshift', 'transfer_fact_sales_to_redshift', 'manual__2024-10-07T13:23:12.217197+00:00', '--job-id', '156', '--raw', '--subdir', 'DAGS_FOLDER/sales_pipeline.py', '--cfg-path', '/tmp/tmpvjyehtpn']
[2024-10-07T13:26:21.253+0000] {standard_task_runner.py:72} INFO - Started process 11736 to run task
[2024-10-07T13:26:21.253+0000] {standard_task_runner.py:105} INFO - Job 156: Subtask transfer_fact_sales_to_redshift
[2024-10-07T13:26:21.265+0000] {logging_mixin.py:190} WARNING - /home/***/.local/lib/python3.12/site-packages/***/settings.py:209 DeprecationWarning: The sql_alchemy_conn option in [core] has been moved to the sql_alchemy_conn option in [database] - the old setting has been used, but please update your config.
[2024-10-07T13:26:21.284+0000] {task_command.py:467} INFO - Running <TaskInstance: csv_to_star_schema_to_s3_to_redshift.transfer_fact_sales_to_redshift manual__2024-10-07T13:23:12.217197+00:00 [running]> on host 66045655c750
[2024-10-07T13:26:21.334+0000] {taskinstance.py:3131} INFO - Exporting env vars: AIRFLOW_CTX_DAG_OWNER='***' AIRFLOW_CTX_DAG_ID='csv_to_star_schema_to_s3_to_redshift' AIRFLOW_CTX_TASK_ID='transfer_fact_sales_to_redshift' AIRFLOW_CTX_EXECUTION_DATE='2024-10-07T13:23:12.217197+00:00' AIRFLOW_CTX_TRY_NUMBER='1' AIRFLOW_CTX_DAG_RUN_ID='manual__2024-10-07T13:23:12.217197+00:00'
[2024-10-07T13:26:21.335+0000] {taskinstance.py:731} INFO - ::endgroup::
[2024-10-07T13:26:21.349+0000] {base.py:84} INFO - Retrieving connection 'aws_default'
[2024-10-07T13:26:21.354+0000] {base.py:84} INFO - Retrieving connection 'aws_default'
[2024-10-07T13:26:21.355+0000] {connection_wrapper.py:388} INFO - AWS Connection (conn_id='aws_default', conn_type='aws') credentials retrieved from login and password.
[2024-10-07T13:26:21.363+0000] {s3_to_redshift.py:194} INFO - Executing COPY command...
[2024-10-07T13:26:21.369+0000] {base.py:84} INFO - Retrieving connection 'redshift_default'
[2024-10-07T13:26:21.373+0000] {base.py:84} INFO - Retrieving connection 'aws_default'
[2024-10-07T13:26:21.374+0000] {connection_wrapper.py:388} INFO - AWS Connection (conn_id='aws_default', conn_type='aws') credentials retrieved from login and password.
[2024-10-07T13:26:22.626+0000] {credentials.py:1147} INFO - Found credentials in environment variables.
[2024-10-07T13:26:24.674+0000] {sql.py:509} INFO - Running statement: 
                    COPY etl_data.fact_sales 
                    FROM 's3://finalprojectdibimbing/data/fact_sales.csv'
                    credentials
                    'aws_access_key_id=AKIATL6XMQFJ5UANYFMX;aws_secret_access_key=***'
                    
                    CSV
			IGNOREHEADER 1;
        , parameters: None
[2024-10-07T13:26:40.591+0000] {s3_to_redshift.py:199} INFO - COPY command complete...
[2024-10-07T13:26:40.597+0000] {taskinstance.py:340} INFO - ::group::Post task execution logs
[2024-10-07T13:26:40.598+0000] {taskinstance.py:352} INFO - Marking task as SUCCESS. dag_id=csv_to_star_schema_to_s3_to_redshift, task_id=transfer_fact_sales_to_redshift, run_id=manual__2024-10-07T13:23:12.217197+00:00, execution_date=20241007T132312, start_date=20241007T132621, end_date=20241007T132640
[2024-10-07T13:26:40.612+0000] {local_task_job_runner.py:266} INFO - Task exited with return code 0
[2024-10-07T13:26:40.620+0000] {taskinstance.py:3900} INFO - 0 downstream tasks scheduled from follow-on schedule check
[2024-10-07T13:26:40.623+0000] {local_task_job_runner.py:245} INFO - ::endgroup::
