[2024-10-13T19:30:27.707+0000] {local_task_job_runner.py:123} INFO - ::group::Pre task execution logs
[2024-10-13T19:30:27.716+0000] {taskinstance.py:2612} INFO - Dependencies all met for dep_context=non-requeueable deps ti=<TaskInstance: csv_to_star_schema_to_s3_to_redshift.transfer_dim_customer_to_redshift manual__2024-10-13T19:30:00.822028+00:00 [queued]>
[2024-10-13T19:30:27.721+0000] {taskinstance.py:2612} INFO - Dependencies all met for dep_context=requeueable deps ti=<TaskInstance: csv_to_star_schema_to_s3_to_redshift.transfer_dim_customer_to_redshift manual__2024-10-13T19:30:00.822028+00:00 [queued]>
[2024-10-13T19:30:27.722+0000] {taskinstance.py:2865} INFO - Starting attempt 1 of 2
[2024-10-13T19:30:27.731+0000] {taskinstance.py:2888} INFO - Executing <Task(S3ToRedshiftOperator): transfer_dim_customer_to_redshift> on 2024-10-13 19:30:00.822028+00:00
[2024-10-13T19:30:27.737+0000] {logging_mixin.py:190} WARNING - /home/***/.local/lib/python3.12/site-packages/***/task/task_runner/standard_task_runner.py:70 DeprecationWarning: This process (pid=9262) is multi-threaded, use of fork() may lead to deadlocks in the child.
[2024-10-13T19:30:27.737+0000] {standard_task_runner.py:104} INFO - Running: ['***', 'tasks', 'run', 'csv_to_star_schema_to_s3_to_redshift', 'transfer_dim_customer_to_redshift', 'manual__2024-10-13T19:30:00.822028+00:00', '--job-id', '203', '--raw', '--subdir', 'DAGS_FOLDER/sales_pipeline.py', '--cfg-path', '/tmp/tmpk6kblt4k']
[2024-10-13T19:30:27.738+0000] {standard_task_runner.py:72} INFO - Started process 9267 to run task
[2024-10-13T19:30:27.739+0000] {standard_task_runner.py:105} INFO - Job 203: Subtask transfer_dim_customer_to_redshift
[2024-10-13T19:30:27.751+0000] {logging_mixin.py:190} WARNING - /home/***/.local/lib/python3.12/site-packages/***/settings.py:209 DeprecationWarning: The sql_alchemy_conn option in [core] has been moved to the sql_alchemy_conn option in [database] - the old setting has been used, but please update your config.
[2024-10-13T19:30:27.770+0000] {task_command.py:467} INFO - Running <TaskInstance: csv_to_star_schema_to_s3_to_redshift.transfer_dim_customer_to_redshift manual__2024-10-13T19:30:00.822028+00:00 [running]> on host 66045655c750
[2024-10-13T19:30:27.820+0000] {taskinstance.py:3131} INFO - Exporting env vars: AIRFLOW_CTX_DAG_OWNER='***' AIRFLOW_CTX_DAG_ID='csv_to_star_schema_to_s3_to_redshift' AIRFLOW_CTX_TASK_ID='transfer_dim_customer_to_redshift' AIRFLOW_CTX_EXECUTION_DATE='2024-10-13T19:30:00.822028+00:00' AIRFLOW_CTX_TRY_NUMBER='1' AIRFLOW_CTX_DAG_RUN_ID='manual__2024-10-13T19:30:00.822028+00:00'
[2024-10-13T19:30:27.821+0000] {taskinstance.py:731} INFO - ::endgroup::
[2024-10-13T19:30:27.835+0000] {base.py:84} INFO - Retrieving connection 'aws_default'
[2024-10-13T19:30:27.841+0000] {base.py:84} INFO - Retrieving connection 'aws_default'
[2024-10-13T19:30:27.842+0000] {connection_wrapper.py:388} INFO - AWS Connection (conn_id='aws_default', conn_type='aws') credentials retrieved from login and password.
[2024-10-13T19:30:27.848+0000] {s3_to_redshift.py:194} INFO - Executing COPY command...
[2024-10-13T19:30:27.853+0000] {base.py:84} INFO - Retrieving connection 'redshift_default'
[2024-10-13T19:30:27.857+0000] {base.py:84} INFO - Retrieving connection 'aws_default'
[2024-10-13T19:30:27.858+0000] {connection_wrapper.py:388} INFO - AWS Connection (conn_id='aws_default', conn_type='aws') credentials retrieved from login and password.
[2024-10-13T19:30:29.041+0000] {credentials.py:1147} INFO - Found credentials in environment variables.
[2024-10-13T19:30:32.083+0000] {sql.py:509} INFO - Running statement: 
                    COPY etl_data.dim_customer 
                    FROM 's3://finalprojectdibimbing/data/dim_customer.csv'
                    credentials
                    'aws_access_key_id=AKIATL6XMQFJ5UANYFMX;aws_secret_access_key=***'
                    
                    CSV
			IGNOREHEADER 1;
        , parameters: None
[2024-10-13T19:30:41.906+0000] {s3_to_redshift.py:199} INFO - COPY command complete...
[2024-10-13T19:30:41.912+0000] {taskinstance.py:340} INFO - ::group::Post task execution logs
[2024-10-13T19:30:41.913+0000] {taskinstance.py:352} INFO - Marking task as SUCCESS. dag_id=csv_to_star_schema_to_s3_to_redshift, task_id=transfer_dim_customer_to_redshift, run_id=manual__2024-10-13T19:30:00.822028+00:00, execution_date=20241013T193000, start_date=20241013T193027, end_date=20241013T193041
[2024-10-13T19:30:41.936+0000] {local_task_job_runner.py:266} INFO - Task exited with return code 0
[2024-10-13T19:30:41.944+0000] {taskinstance.py:3900} INFO - 0 downstream tasks scheduled from follow-on schedule check
[2024-10-13T19:30:41.946+0000] {local_task_job_runner.py:245} INFO - ::endgroup::
