[2024-10-10T18:08:21.404+0000] {local_task_job_runner.py:123} INFO - ::group::Pre task execution logs
[2024-10-10T18:08:21.412+0000] {taskinstance.py:2612} INFO - Dependencies all met for dep_context=non-requeueable deps ti=<TaskInstance: csv_to_star_schema_to_s3_to_redshift.create_dim_customer_table manual__2024-10-10T18:07:53.210079+00:00 [queued]>
[2024-10-10T18:08:21.416+0000] {taskinstance.py:2612} INFO - Dependencies all met for dep_context=requeueable deps ti=<TaskInstance: csv_to_star_schema_to_s3_to_redshift.create_dim_customer_table manual__2024-10-10T18:07:53.210079+00:00 [queued]>
[2024-10-10T18:08:21.417+0000] {taskinstance.py:2865} INFO - Starting attempt 1 of 2
[2024-10-10T18:08:21.461+0000] {taskinstance.py:2888} INFO - Executing <Task(SQLExecuteQueryOperator): create_dim_customer_table> on 2024-10-10 18:07:53.210079+00:00
[2024-10-10T18:08:21.468+0000] {logging_mixin.py:190} WARNING - /home/***/.local/lib/python3.12/site-packages/***/task/task_runner/standard_task_runner.py:70 DeprecationWarning: This process (pid=269) is multi-threaded, use of fork() may lead to deadlocks in the child.
[2024-10-10T18:08:21.469+0000] {standard_task_runner.py:72} INFO - Started process 276 to run task
[2024-10-10T18:08:21.471+0000] {standard_task_runner.py:104} INFO - Running: ['***', 'tasks', 'run', 'csv_to_star_schema_to_s3_to_redshift', 'create_dim_customer_table', 'manual__2024-10-10T18:07:53.210079+00:00', '--job-id', '162', '--raw', '--subdir', 'DAGS_FOLDER/sales_pipeline.py', '--cfg-path', '/tmp/tmpxma_o202']
[2024-10-10T18:08:21.473+0000] {standard_task_runner.py:105} INFO - Job 162: Subtask create_dim_customer_table
[2024-10-10T18:08:21.487+0000] {logging_mixin.py:190} WARNING - /home/***/.local/lib/python3.12/site-packages/***/settings.py:209 DeprecationWarning: The sql_alchemy_conn option in [core] has been moved to the sql_alchemy_conn option in [database] - the old setting has been used, but please update your config.
[2024-10-10T18:08:21.507+0000] {task_command.py:467} INFO - Running <TaskInstance: csv_to_star_schema_to_s3_to_redshift.create_dim_customer_table manual__2024-10-10T18:07:53.210079+00:00 [running]> on host 66045655c750
[2024-10-10T18:08:21.561+0000] {taskinstance.py:3131} INFO - Exporting env vars: AIRFLOW_CTX_DAG_OWNER='***' AIRFLOW_CTX_DAG_ID='csv_to_star_schema_to_s3_to_redshift' AIRFLOW_CTX_TASK_ID='create_dim_customer_table' AIRFLOW_CTX_EXECUTION_DATE='2024-10-10T18:07:53.210079+00:00' AIRFLOW_CTX_TRY_NUMBER='1' AIRFLOW_CTX_DAG_RUN_ID='manual__2024-10-10T18:07:53.210079+00:00'
[2024-10-10T18:08:21.562+0000] {taskinstance.py:731} INFO - ::endgroup::
[2024-10-10T18:08:21.571+0000] {sql.py:266} INFO - Executing: 
        CREATE TABLE IF NOT EXISTS etl_data.dim_customer (
            Customer_Id INT, Gender VARCHAR(255), Customer_Login_type VARCHAR(255), customer_key INT
        );
        
[2024-10-10T18:08:21.578+0000] {base.py:84} INFO - Retrieving connection 'redshift_default'
[2024-10-10T18:08:21.583+0000] {base.py:84} INFO - Retrieving connection 'redshift_default'
[2024-10-10T18:08:21.587+0000] {base.py:84} INFO - Retrieving connection 'aws_default'
[2024-10-10T18:08:21.588+0000] {connection_wrapper.py:388} INFO - AWS Connection (conn_id='aws_default', conn_type='aws') credentials retrieved from login and password.
[2024-10-10T18:08:22.827+0000] {credentials.py:1147} INFO - Found credentials in environment variables.
[2024-10-10T18:08:25.889+0000] {sql.py:509} INFO - Running statement: 
        CREATE TABLE IF NOT EXISTS etl_data.dim_customer (
            Customer_Id INT, Gender VARCHAR(255), Customer_Login_type VARCHAR(255), customer_key INT
        );
        , parameters: None
[2024-10-10T18:08:28.058+0000] {taskinstance.py:340} INFO - ::group::Post task execution logs
[2024-10-10T18:08:28.058+0000] {taskinstance.py:352} INFO - Marking task as SUCCESS. dag_id=csv_to_star_schema_to_s3_to_redshift, task_id=create_dim_customer_table, run_id=manual__2024-10-10T18:07:53.210079+00:00, execution_date=20241010T180753, start_date=20241010T180821, end_date=20241010T180828
[2024-10-10T18:08:28.096+0000] {local_task_job_runner.py:266} INFO - Task exited with return code 0
[2024-10-10T18:08:28.102+0000] {local_task_job_runner.py:245} INFO - ::endgroup::
