[2024-10-06T19:56:59.690+0000] {local_task_job_runner.py:123} INFO - ::group::Pre task execution logs
[2024-10-06T19:56:59.699+0000] {taskinstance.py:2612} INFO - Dependencies all met for dep_context=non-requeueable deps ti=<TaskInstance: csv_to_star_schema_to_s3_to_redshift.create_fact_sales_table manual__2024-10-06T19:56:33.362430+00:00 [queued]>
[2024-10-06T19:56:59.703+0000] {taskinstance.py:2612} INFO - Dependencies all met for dep_context=requeueable deps ti=<TaskInstance: csv_to_star_schema_to_s3_to_redshift.create_fact_sales_table manual__2024-10-06T19:56:33.362430+00:00 [queued]>
[2024-10-06T19:56:59.703+0000] {taskinstance.py:2865} INFO - Starting attempt 1 of 2
[2024-10-06T19:56:59.712+0000] {taskinstance.py:2888} INFO - Executing <Task(SQLExecuteQueryOperator): create_fact_sales_table> on 2024-10-06 19:56:33.362430+00:00
[2024-10-06T19:56:59.718+0000] {logging_mixin.py:190} WARNING - /home/***/.local/lib/python3.12/site-packages/***/task/task_runner/standard_task_runner.py:70 DeprecationWarning: This process (pid=1896) is multi-threaded, use of fork() may lead to deadlocks in the child.
[2024-10-06T19:56:59.719+0000] {standard_task_runner.py:72} INFO - Started process 1901 to run task
[2024-10-06T19:56:59.719+0000] {standard_task_runner.py:104} INFO - Running: ['***', 'tasks', 'run', 'csv_to_star_schema_to_s3_to_redshift', 'create_fact_sales_table', 'manual__2024-10-06T19:56:33.362430+00:00', '--job-id', '101', '--raw', '--subdir', 'DAGS_FOLDER/sales_pipeline.py', '--cfg-path', '/tmp/tmp8qeok9ma']
[2024-10-06T19:56:59.720+0000] {standard_task_runner.py:105} INFO - Job 101: Subtask create_fact_sales_table
[2024-10-06T19:56:59.731+0000] {logging_mixin.py:190} WARNING - /home/***/.local/lib/python3.12/site-packages/***/settings.py:209 DeprecationWarning: The sql_alchemy_conn option in [core] has been moved to the sql_alchemy_conn option in [database] - the old setting has been used, but please update your config.
[2024-10-06T19:56:59.753+0000] {task_command.py:467} INFO - Running <TaskInstance: csv_to_star_schema_to_s3_to_redshift.create_fact_sales_table manual__2024-10-06T19:56:33.362430+00:00 [running]> on host 66045655c750
[2024-10-06T19:56:59.809+0000] {taskinstance.py:3131} INFO - Exporting env vars: AIRFLOW_CTX_DAG_OWNER='***' AIRFLOW_CTX_DAG_ID='csv_to_star_schema_to_s3_to_redshift' AIRFLOW_CTX_TASK_ID='create_fact_sales_table' AIRFLOW_CTX_EXECUTION_DATE='2024-10-06T19:56:33.362430+00:00' AIRFLOW_CTX_TRY_NUMBER='1' AIRFLOW_CTX_DAG_RUN_ID='manual__2024-10-06T19:56:33.362430+00:00'
[2024-10-06T19:56:59.810+0000] {taskinstance.py:731} INFO - ::endgroup::
[2024-10-06T19:56:59.818+0000] {sql.py:266} INFO - Executing: 
        CREATE TABLE IF NOT EXISTS etl_data.fact_sales (
            customer_key INT, product_key INT, date_key INT, Time VARCHAR(255), Aging FLOAT, Device_Type VARCHAR(255), Sales FLOAT, Quantity FLOAT, Discount FLOAT, Profit FLOAT, Shipping_Cost FLOAT, Order_Priority VARCHAR(255), Payment_method VARCHAR(255), Total_Revenue FLOAT, Profit_Margin FLOAT
        );
        
[2024-10-06T19:56:59.826+0000] {base.py:84} INFO - Retrieving connection 'redshift_default'
[2024-10-06T19:56:59.831+0000] {base.py:84} INFO - Retrieving connection 'redshift_default'
[2024-10-06T19:56:59.836+0000] {base.py:84} INFO - Retrieving connection 'aws_default'
[2024-10-06T19:56:59.837+0000] {connection_wrapper.py:388} INFO - AWS Connection (conn_id='aws_default', conn_type='aws') credentials retrieved from login and password.
[2024-10-06T19:57:01.054+0000] {credentials.py:1147} INFO - Found credentials in environment variables.
[2024-10-06T19:57:04.153+0000] {sql.py:509} INFO - Running statement: 
        CREATE TABLE IF NOT EXISTS etl_data.fact_sales (
            customer_key INT, product_key INT, date_key INT, Time VARCHAR(255), Aging FLOAT, Device_Type VARCHAR(255), Sales FLOAT, Quantity FLOAT, Discount FLOAT, Profit FLOAT, Shipping_Cost FLOAT, Order_Priority VARCHAR(255), Payment_method VARCHAR(255), Total_Revenue FLOAT, Profit_Margin FLOAT
        );
        , parameters: None
[2024-10-06T19:57:06.339+0000] {taskinstance.py:340} INFO - ::group::Post task execution logs
[2024-10-06T19:57:06.340+0000] {taskinstance.py:352} INFO - Marking task as SUCCESS. dag_id=csv_to_star_schema_to_s3_to_redshift, task_id=create_fact_sales_table, run_id=manual__2024-10-06T19:56:33.362430+00:00, execution_date=20241006T195633, start_date=20241006T195659, end_date=20241006T195706
[2024-10-06T19:57:06.390+0000] {local_task_job_runner.py:266} INFO - Task exited with return code 0
[2024-10-06T19:57:06.403+0000] {taskinstance.py:3900} INFO - 1 downstream tasks scheduled from follow-on schedule check
[2024-10-06T19:57:06.406+0000] {local_task_job_runner.py:245} INFO - ::endgroup::
