[2024-10-10T18:05:00.828+0000] {logging_mixin.py:190} WARNING - /home/airflow/.local/lib/python3.12/site-packages/airflow/settings.py:470 DeprecationWarning: The sql_alchemy_conn option in [core] has been moved to the sql_alchemy_conn option in [database] - the old setting has been used, but please update your config.
[2024-10-10T18:05:00.832+0000] {processor.py:186} INFO - Started process (PID=181) to work on /opt/airflow/dags/sales_pipeline.py
[2024-10-10T18:05:00.833+0000] {processor.py:914} INFO - Processing file /opt/airflow/dags/sales_pipeline.py for tasks to queue
[2024-10-10T18:05:00.834+0000] {logging_mixin.py:190} INFO - [2024-10-10T18:05:00.834+0000] {dagbag.py:588} INFO - Filling up the DagBag from /opt/airflow/dags/sales_pipeline.py
[2024-10-10T18:05:01.358+0000] {processor.py:925} INFO - DAG(s) 'csv_to_star_schema_to_s3_to_redshift' retrieved from /opt/airflow/dags/sales_pipeline.py
[2024-10-10T18:05:01.376+0000] {logging_mixin.py:190} INFO - [2024-10-10T18:05:01.376+0000] {dag.py:3239} INFO - Sync 1 DAGs
[2024-10-10T18:05:01.393+0000] {logging_mixin.py:190} INFO - [2024-10-10T18:05:01.393+0000] {dag.py:4180} INFO - Setting next_dagrun for csv_to_star_schema_to_s3_to_redshift to 2024-09-27 00:00:00+00:00, run_after=2024-10-27 00:00:00+00:00
[2024-10-10T18:05:01.410+0000] {processor.py:208} INFO - Processing /opt/airflow/dags/sales_pipeline.py took 0.583 seconds
[2024-10-10T18:05:31.596+0000] {logging_mixin.py:190} WARNING - /home/airflow/.local/lib/python3.12/site-packages/airflow/settings.py:470 DeprecationWarning: The sql_alchemy_conn option in [core] has been moved to the sql_alchemy_conn option in [database] - the old setting has been used, but please update your config.
[2024-10-10T18:05:31.600+0000] {processor.py:186} INFO - Started process (PID=193) to work on /opt/airflow/dags/sales_pipeline.py
[2024-10-10T18:05:31.600+0000] {processor.py:914} INFO - Processing file /opt/airflow/dags/sales_pipeline.py for tasks to queue
[2024-10-10T18:05:31.602+0000] {logging_mixin.py:190} INFO - [2024-10-10T18:05:31.602+0000] {dagbag.py:588} INFO - Filling up the DagBag from /opt/airflow/dags/sales_pipeline.py
[2024-10-10T18:05:31.810+0000] {processor.py:925} INFO - DAG(s) 'csv_to_star_schema_to_s3_to_redshift' retrieved from /opt/airflow/dags/sales_pipeline.py
[2024-10-10T18:05:31.824+0000] {logging_mixin.py:190} INFO - [2024-10-10T18:05:31.824+0000] {dag.py:3239} INFO - Sync 1 DAGs
[2024-10-10T18:05:31.838+0000] {logging_mixin.py:190} INFO - [2024-10-10T18:05:31.838+0000] {dag.py:4180} INFO - Setting next_dagrun for csv_to_star_schema_to_s3_to_redshift to 2024-09-27 00:00:00+00:00, run_after=2024-10-27 00:00:00+00:00
[2024-10-10T18:05:31.851+0000] {processor.py:208} INFO - Processing /opt/airflow/dags/sales_pipeline.py took 0.256 seconds
[2024-10-10T18:06:02.029+0000] {logging_mixin.py:190} WARNING - /home/airflow/.local/lib/python3.12/site-packages/airflow/settings.py:470 DeprecationWarning: The sql_alchemy_conn option in [core] has been moved to the sql_alchemy_conn option in [database] - the old setting has been used, but please update your config.
[2024-10-10T18:06:02.033+0000] {processor.py:186} INFO - Started process (PID=205) to work on /opt/airflow/dags/sales_pipeline.py
[2024-10-10T18:06:02.033+0000] {processor.py:914} INFO - Processing file /opt/airflow/dags/sales_pipeline.py for tasks to queue
[2024-10-10T18:06:02.035+0000] {logging_mixin.py:190} INFO - [2024-10-10T18:06:02.035+0000] {dagbag.py:588} INFO - Filling up the DagBag from /opt/airflow/dags/sales_pipeline.py
[2024-10-10T18:06:02.241+0000] {processor.py:925} INFO - DAG(s) 'csv_to_star_schema_to_s3_to_redshift' retrieved from /opt/airflow/dags/sales_pipeline.py
[2024-10-10T18:06:02.254+0000] {logging_mixin.py:190} INFO - [2024-10-10T18:06:02.254+0000] {dag.py:3239} INFO - Sync 1 DAGs
[2024-10-10T18:06:02.267+0000] {logging_mixin.py:190} INFO - [2024-10-10T18:06:02.267+0000] {dag.py:4180} INFO - Setting next_dagrun for csv_to_star_schema_to_s3_to_redshift to 2024-09-27 00:00:00+00:00, run_after=2024-10-27 00:00:00+00:00
[2024-10-10T18:06:02.281+0000] {processor.py:208} INFO - Processing /opt/airflow/dags/sales_pipeline.py took 0.253 seconds
[2024-10-10T18:06:32.456+0000] {logging_mixin.py:190} WARNING - /home/airflow/.local/lib/python3.12/site-packages/airflow/settings.py:470 DeprecationWarning: The sql_alchemy_conn option in [core] has been moved to the sql_alchemy_conn option in [database] - the old setting has been used, but please update your config.
[2024-10-10T18:06:32.460+0000] {processor.py:186} INFO - Started process (PID=217) to work on /opt/airflow/dags/sales_pipeline.py
[2024-10-10T18:06:32.460+0000] {processor.py:914} INFO - Processing file /opt/airflow/dags/sales_pipeline.py for tasks to queue
[2024-10-10T18:06:32.462+0000] {logging_mixin.py:190} INFO - [2024-10-10T18:06:32.462+0000] {dagbag.py:588} INFO - Filling up the DagBag from /opt/airflow/dags/sales_pipeline.py
[2024-10-10T18:06:32.656+0000] {processor.py:925} INFO - DAG(s) 'csv_to_star_schema_to_s3_to_redshift' retrieved from /opt/airflow/dags/sales_pipeline.py
[2024-10-10T18:06:32.669+0000] {logging_mixin.py:190} INFO - [2024-10-10T18:06:32.668+0000] {dag.py:3239} INFO - Sync 1 DAGs
[2024-10-10T18:06:32.682+0000] {logging_mixin.py:190} INFO - [2024-10-10T18:06:32.682+0000] {dag.py:4180} INFO - Setting next_dagrun for csv_to_star_schema_to_s3_to_redshift to 2024-09-27 00:00:00+00:00, run_after=2024-10-27 00:00:00+00:00
[2024-10-10T18:06:32.696+0000] {processor.py:208} INFO - Processing /opt/airflow/dags/sales_pipeline.py took 0.241 seconds
[2024-10-10T18:07:02.880+0000] {logging_mixin.py:190} WARNING - /home/airflow/.local/lib/python3.12/site-packages/airflow/settings.py:470 DeprecationWarning: The sql_alchemy_conn option in [core] has been moved to the sql_alchemy_conn option in [database] - the old setting has been used, but please update your config.
[2024-10-10T18:07:02.885+0000] {processor.py:186} INFO - Started process (PID=228) to work on /opt/airflow/dags/sales_pipeline.py
[2024-10-10T18:07:02.885+0000] {processor.py:914} INFO - Processing file /opt/airflow/dags/sales_pipeline.py for tasks to queue
[2024-10-10T18:07:02.888+0000] {logging_mixin.py:190} INFO - [2024-10-10T18:07:02.887+0000] {dagbag.py:588} INFO - Filling up the DagBag from /opt/airflow/dags/sales_pipeline.py
[2024-10-10T18:07:03.088+0000] {processor.py:925} INFO - DAG(s) 'csv_to_star_schema_to_s3_to_redshift' retrieved from /opt/airflow/dags/sales_pipeline.py
[2024-10-10T18:07:03.101+0000] {logging_mixin.py:190} INFO - [2024-10-10T18:07:03.101+0000] {dag.py:3239} INFO - Sync 1 DAGs
[2024-10-10T18:07:03.113+0000] {logging_mixin.py:190} INFO - [2024-10-10T18:07:03.113+0000] {dag.py:4180} INFO - Setting next_dagrun for csv_to_star_schema_to_s3_to_redshift to 2024-09-27 00:00:00+00:00, run_after=2024-10-27 00:00:00+00:00
[2024-10-10T18:07:03.129+0000] {processor.py:208} INFO - Processing /opt/airflow/dags/sales_pipeline.py took 0.251 seconds
[2024-10-10T18:07:33.315+0000] {logging_mixin.py:190} WARNING - /home/airflow/.local/lib/python3.12/site-packages/airflow/settings.py:470 DeprecationWarning: The sql_alchemy_conn option in [core] has been moved to the sql_alchemy_conn option in [database] - the old setting has been used, but please update your config.
[2024-10-10T18:07:33.321+0000] {processor.py:186} INFO - Started process (PID=240) to work on /opt/airflow/dags/sales_pipeline.py
[2024-10-10T18:07:33.322+0000] {processor.py:914} INFO - Processing file /opt/airflow/dags/sales_pipeline.py for tasks to queue
[2024-10-10T18:07:33.323+0000] {logging_mixin.py:190} INFO - [2024-10-10T18:07:33.323+0000] {dagbag.py:588} INFO - Filling up the DagBag from /opt/airflow/dags/sales_pipeline.py
[2024-10-10T18:07:33.534+0000] {processor.py:925} INFO - DAG(s) 'csv_to_star_schema_to_s3_to_redshift' retrieved from /opt/airflow/dags/sales_pipeline.py
[2024-10-10T18:07:33.548+0000] {logging_mixin.py:190} INFO - [2024-10-10T18:07:33.548+0000] {dag.py:3239} INFO - Sync 1 DAGs
[2024-10-10T18:07:33.561+0000] {logging_mixin.py:190} INFO - [2024-10-10T18:07:33.561+0000] {dag.py:4180} INFO - Setting next_dagrun for csv_to_star_schema_to_s3_to_redshift to 2024-09-27 00:00:00+00:00, run_after=2024-10-27 00:00:00+00:00
[2024-10-10T18:07:33.577+0000] {processor.py:208} INFO - Processing /opt/airflow/dags/sales_pipeline.py took 0.263 seconds
[2024-10-10T18:08:03.744+0000] {logging_mixin.py:190} WARNING - /home/airflow/.local/lib/python3.12/site-packages/airflow/settings.py:470 DeprecationWarning: The sql_alchemy_conn option in [core] has been moved to the sql_alchemy_conn option in [database] - the old setting has been used, but please update your config.
[2024-10-10T18:08:03.747+0000] {processor.py:186} INFO - Started process (PID=255) to work on /opt/airflow/dags/sales_pipeline.py
[2024-10-10T18:08:03.748+0000] {processor.py:914} INFO - Processing file /opt/airflow/dags/sales_pipeline.py for tasks to queue
[2024-10-10T18:08:03.749+0000] {logging_mixin.py:190} INFO - [2024-10-10T18:08:03.749+0000] {dagbag.py:588} INFO - Filling up the DagBag from /opt/airflow/dags/sales_pipeline.py
[2024-10-10T18:08:03.948+0000] {processor.py:925} INFO - DAG(s) 'csv_to_star_schema_to_s3_to_redshift' retrieved from /opt/airflow/dags/sales_pipeline.py
[2024-10-10T18:08:03.961+0000] {logging_mixin.py:190} INFO - [2024-10-10T18:08:03.961+0000] {dag.py:3239} INFO - Sync 1 DAGs
[2024-10-10T18:08:03.975+0000] {logging_mixin.py:190} INFO - [2024-10-10T18:08:03.975+0000] {dag.py:4180} INFO - Setting next_dagrun for csv_to_star_schema_to_s3_to_redshift to 2024-09-27 00:00:00+00:00, run_after=2024-10-27 00:00:00+00:00
[2024-10-10T18:08:03.991+0000] {processor.py:208} INFO - Processing /opt/airflow/dags/sales_pipeline.py took 0.249 seconds
[2024-10-10T18:08:34.161+0000] {logging_mixin.py:190} WARNING - /home/airflow/.local/lib/python3.12/site-packages/airflow/settings.py:470 DeprecationWarning: The sql_alchemy_conn option in [core] has been moved to the sql_alchemy_conn option in [database] - the old setting has been used, but please update your config.
[2024-10-10T18:08:34.165+0000] {processor.py:186} INFO - Started process (PID=307) to work on /opt/airflow/dags/sales_pipeline.py
[2024-10-10T18:08:34.165+0000] {processor.py:914} INFO - Processing file /opt/airflow/dags/sales_pipeline.py for tasks to queue
[2024-10-10T18:08:34.167+0000] {logging_mixin.py:190} INFO - [2024-10-10T18:08:34.167+0000] {dagbag.py:588} INFO - Filling up the DagBag from /opt/airflow/dags/sales_pipeline.py
[2024-10-10T18:08:34.386+0000] {processor.py:925} INFO - DAG(s) 'csv_to_star_schema_to_s3_to_redshift' retrieved from /opt/airflow/dags/sales_pipeline.py
[2024-10-10T18:08:34.400+0000] {logging_mixin.py:190} INFO - [2024-10-10T18:08:34.400+0000] {dag.py:3239} INFO - Sync 1 DAGs
[2024-10-10T18:08:34.414+0000] {logging_mixin.py:190} INFO - [2024-10-10T18:08:34.414+0000] {dag.py:4180} INFO - Setting next_dagrun for csv_to_star_schema_to_s3_to_redshift to 2024-09-27 00:00:00+00:00, run_after=2024-10-27 00:00:00+00:00
[2024-10-10T18:08:34.429+0000] {processor.py:208} INFO - Processing /opt/airflow/dags/sales_pipeline.py took 0.269 seconds
[2024-10-10T18:09:04.602+0000] {logging_mixin.py:190} WARNING - /home/airflow/.local/lib/python3.12/site-packages/airflow/settings.py:470 DeprecationWarning: The sql_alchemy_conn option in [core] has been moved to the sql_alchemy_conn option in [database] - the old setting has been used, but please update your config.
[2024-10-10T18:09:04.606+0000] {processor.py:186} INFO - Started process (PID=363) to work on /opt/airflow/dags/sales_pipeline.py
[2024-10-10T18:09:04.606+0000] {processor.py:914} INFO - Processing file /opt/airflow/dags/sales_pipeline.py for tasks to queue
[2024-10-10T18:09:04.607+0000] {logging_mixin.py:190} INFO - [2024-10-10T18:09:04.607+0000] {dagbag.py:588} INFO - Filling up the DagBag from /opt/airflow/dags/sales_pipeline.py
[2024-10-10T18:09:04.804+0000] {processor.py:925} INFO - DAG(s) 'csv_to_star_schema_to_s3_to_redshift' retrieved from /opt/airflow/dags/sales_pipeline.py
[2024-10-10T18:09:04.817+0000] {logging_mixin.py:190} INFO - [2024-10-10T18:09:04.817+0000] {dag.py:3239} INFO - Sync 1 DAGs
[2024-10-10T18:09:04.829+0000] {logging_mixin.py:190} INFO - [2024-10-10T18:09:04.829+0000] {dag.py:4180} INFO - Setting next_dagrun for csv_to_star_schema_to_s3_to_redshift to 2024-09-27 00:00:00+00:00, run_after=2024-10-27 00:00:00+00:00
[2024-10-10T18:09:04.845+0000] {processor.py:208} INFO - Processing /opt/airflow/dags/sales_pipeline.py took 0.244 seconds
