[2024-10-06T19:56:59.690+0000] {local_task_job_runner.py:123} INFO - ::group::Pre task execution logs
[2024-10-06T19:56:59.699+0000] {taskinstance.py:2612} INFO - Dependencies all met for dep_context=non-requeueable deps ti=<TaskInstance: csv_to_star_schema_to_s3_to_redshift.create_dim_date_table manual__2024-10-06T19:56:33.362430+00:00 [queued]>
[2024-10-06T19:56:59.703+0000] {taskinstance.py:2612} INFO - Dependencies all met for dep_context=requeueable deps ti=<TaskInstance: csv_to_star_schema_to_s3_to_redshift.create_dim_date_table manual__2024-10-06T19:56:33.362430+00:00 [queued]>
[2024-10-06T19:56:59.704+0000] {taskinstance.py:2865} INFO - Starting attempt 1 of 2
[2024-10-06T19:56:59.714+0000] {taskinstance.py:2888} INFO - Executing <Task(SQLExecuteQueryOperator): create_dim_date_table> on 2024-10-06 19:56:33.362430+00:00
[2024-10-06T19:56:59.722+0000] {logging_mixin.py:190} WARNING - /home/***/.local/lib/python3.12/site-packages/***/task/task_runner/standard_task_runner.py:70 DeprecationWarning: This process (pid=1895) is multi-threaded, use of fork() may lead to deadlocks in the child.
[2024-10-06T19:56:59.721+0000] {standard_task_runner.py:104} INFO - Running: ['***', 'tasks', 'run', 'csv_to_star_schema_to_s3_to_redshift', 'create_dim_date_table', 'manual__2024-10-06T19:56:33.362430+00:00', '--job-id', '102', '--raw', '--subdir', 'DAGS_FOLDER/sales_pipeline.py', '--cfg-path', '/tmp/tmpk0ewjheg']
[2024-10-06T19:56:59.723+0000] {standard_task_runner.py:72} INFO - Started process 1904 to run task
[2024-10-06T19:56:59.724+0000] {standard_task_runner.py:105} INFO - Job 102: Subtask create_dim_date_table
[2024-10-06T19:56:59.735+0000] {logging_mixin.py:190} WARNING - /home/***/.local/lib/python3.12/site-packages/***/settings.py:209 DeprecationWarning: The sql_alchemy_conn option in [core] has been moved to the sql_alchemy_conn option in [database] - the old setting has been used, but please update your config.
[2024-10-06T19:56:59.756+0000] {task_command.py:467} INFO - Running <TaskInstance: csv_to_star_schema_to_s3_to_redshift.create_dim_date_table manual__2024-10-06T19:56:33.362430+00:00 [running]> on host 66045655c750
[2024-10-06T19:56:59.809+0000] {taskinstance.py:3131} INFO - Exporting env vars: AIRFLOW_CTX_DAG_OWNER='***' AIRFLOW_CTX_DAG_ID='csv_to_star_schema_to_s3_to_redshift' AIRFLOW_CTX_TASK_ID='create_dim_date_table' AIRFLOW_CTX_EXECUTION_DATE='2024-10-06T19:56:33.362430+00:00' AIRFLOW_CTX_TRY_NUMBER='1' AIRFLOW_CTX_DAG_RUN_ID='manual__2024-10-06T19:56:33.362430+00:00'
[2024-10-06T19:56:59.810+0000] {taskinstance.py:731} INFO - ::endgroup::
[2024-10-06T19:56:59.817+0000] {sql.py:266} INFO - Executing: 
        CREATE TABLE IF NOT EXISTS etl_data.dim_date (
            date_key INT, full_date VARCHAR(255), year VARCHAR(255), month VARCHAR(255), day VARCHAR(255), weekday VARCHAR(255)
        );
        
[2024-10-06T19:56:59.826+0000] {base.py:84} INFO - Retrieving connection 'redshift_default'
[2024-10-06T19:56:59.831+0000] {base.py:84} INFO - Retrieving connection 'redshift_default'
[2024-10-06T19:56:59.836+0000] {base.py:84} INFO - Retrieving connection 'aws_default'
[2024-10-06T19:56:59.837+0000] {connection_wrapper.py:388} INFO - AWS Connection (conn_id='aws_default', conn_type='aws') credentials retrieved from login and password.
[2024-10-06T19:57:01.058+0000] {credentials.py:1147} INFO - Found credentials in environment variables.
[2024-10-06T19:57:04.099+0000] {sql.py:509} INFO - Running statement: 
        CREATE TABLE IF NOT EXISTS etl_data.dim_date (
            date_key INT, full_date VARCHAR(255), year VARCHAR(255), month VARCHAR(255), day VARCHAR(255), weekday VARCHAR(255)
        );
        , parameters: None
[2024-10-06T19:57:05.796+0000] {taskinstance.py:340} INFO - ::group::Post task execution logs
[2024-10-06T19:57:05.797+0000] {taskinstance.py:352} INFO - Marking task as SUCCESS. dag_id=csv_to_star_schema_to_s3_to_redshift, task_id=create_dim_date_table, run_id=manual__2024-10-06T19:56:33.362430+00:00, execution_date=20241006T195633, start_date=20241006T195659, end_date=20241006T195705
[2024-10-06T19:57:05.827+0000] {local_task_job_runner.py:266} INFO - Task exited with return code 0
[2024-10-06T19:57:05.840+0000] {taskinstance.py:3900} INFO - 1 downstream tasks scheduled from follow-on schedule check
[2024-10-06T19:57:05.843+0000] {local_task_job_runner.py:245} INFO - ::endgroup::
