[2024-10-07T12:57:00.374+0000] {local_task_job_runner.py:123} INFO - ::group::Pre task execution logs
[2024-10-07T12:57:00.382+0000] {taskinstance.py:2612} INFO - Dependencies all met for dep_context=non-requeueable deps ti=<TaskInstance: csv_to_star_schema_to_s3_to_redshift.create_dim_product_table manual__2024-10-07T12:56:50.914649+00:00 [queued]>
[2024-10-07T12:57:00.386+0000] {taskinstance.py:2612} INFO - Dependencies all met for dep_context=requeueable deps ti=<TaskInstance: csv_to_star_schema_to_s3_to_redshift.create_dim_product_table manual__2024-10-07T12:56:50.914649+00:00 [queued]>
[2024-10-07T12:57:00.386+0000] {taskinstance.py:2865} INFO - Starting attempt 1 of 2
[2024-10-07T12:57:00.396+0000] {taskinstance.py:2888} INFO - Executing <Task(SQLExecuteQueryOperator): create_dim_product_table> on 2024-10-07 12:56:50.914649+00:00
[2024-10-07T12:57:00.402+0000] {logging_mixin.py:190} WARNING - /home/***/.local/lib/python3.12/site-packages/***/task/task_runner/standard_task_runner.py:70 DeprecationWarning: This process (pid=10866) is multi-threaded, use of fork() may lead to deadlocks in the child.
[2024-10-07T12:57:00.402+0000] {standard_task_runner.py:104} INFO - Running: ['***', 'tasks', 'run', 'csv_to_star_schema_to_s3_to_redshift', 'create_dim_product_table', 'manual__2024-10-07T12:56:50.914649+00:00', '--job-id', '123', '--raw', '--subdir', 'DAGS_FOLDER/sales_pipeline.py', '--cfg-path', '/tmp/tmpuu33zaqx']
[2024-10-07T12:57:00.404+0000] {standard_task_runner.py:72} INFO - Started process 10875 to run task
[2024-10-07T12:57:00.404+0000] {standard_task_runner.py:105} INFO - Job 123: Subtask create_dim_product_table
[2024-10-07T12:57:00.415+0000] {logging_mixin.py:190} WARNING - /home/***/.local/lib/python3.12/site-packages/***/settings.py:209 DeprecationWarning: The sql_alchemy_conn option in [core] has been moved to the sql_alchemy_conn option in [database] - the old setting has been used, but please update your config.
[2024-10-07T12:57:00.433+0000] {task_command.py:467} INFO - Running <TaskInstance: csv_to_star_schema_to_s3_to_redshift.create_dim_product_table manual__2024-10-07T12:56:50.914649+00:00 [running]> on host 66045655c750
[2024-10-07T12:57:00.484+0000] {taskinstance.py:3131} INFO - Exporting env vars: AIRFLOW_CTX_DAG_OWNER='***' AIRFLOW_CTX_DAG_ID='csv_to_star_schema_to_s3_to_redshift' AIRFLOW_CTX_TASK_ID='create_dim_product_table' AIRFLOW_CTX_EXECUTION_DATE='2024-10-07T12:56:50.914649+00:00' AIRFLOW_CTX_TRY_NUMBER='1' AIRFLOW_CTX_DAG_RUN_ID='manual__2024-10-07T12:56:50.914649+00:00'
[2024-10-07T12:57:00.485+0000] {taskinstance.py:731} INFO - ::endgroup::
[2024-10-07T12:57:00.493+0000] {sql.py:266} INFO - Executing: 
        CREATE TABLE IF NOT EXISTS etl_data.dim_product (
            Product_Category VARCHAR(255), Product VARCHAR(255), product_key INT
        );
        
[2024-10-07T12:57:00.500+0000] {base.py:84} INFO - Retrieving connection 'redshift_default'
[2024-10-07T12:57:00.504+0000] {base.py:84} INFO - Retrieving connection 'redshift_default'
[2024-10-07T12:57:00.508+0000] {base.py:84} INFO - Retrieving connection 'aws_default'
[2024-10-07T12:57:00.509+0000] {connection_wrapper.py:388} INFO - AWS Connection (conn_id='aws_default', conn_type='aws') credentials retrieved from login and password.
[2024-10-07T12:57:01.812+0000] {credentials.py:1147} INFO - Found credentials in environment variables.
[2024-10-07T12:57:03.584+0000] {sql.py:509} INFO - Running statement: 
        CREATE TABLE IF NOT EXISTS etl_data.dim_product (
            Product_Category VARCHAR(255), Product VARCHAR(255), product_key INT
        );
        , parameters: None
[2024-10-07T12:57:05.322+0000] {taskinstance.py:340} INFO - ::group::Post task execution logs
[2024-10-07T12:57:05.322+0000] {taskinstance.py:352} INFO - Marking task as SUCCESS. dag_id=csv_to_star_schema_to_s3_to_redshift, task_id=create_dim_product_table, run_id=manual__2024-10-07T12:56:50.914649+00:00, execution_date=20241007T125650, start_date=20241007T125700, end_date=20241007T125705
[2024-10-07T12:57:05.353+0000] {local_task_job_runner.py:266} INFO - Task exited with return code 0
[2024-10-07T12:57:05.360+0000] {local_task_job_runner.py:245} INFO - ::endgroup::
