[2024-10-13T19:30:17.532+0000] {local_task_job_runner.py:123} INFO - ::group::Pre task execution logs
[2024-10-13T19:30:17.540+0000] {taskinstance.py:2612} INFO - Dependencies all met for dep_context=non-requeueable deps ti=<TaskInstance: csv_to_star_schema_to_s3_to_redshift.truncate_fact_sales_table manual__2024-10-13T19:30:00.822028+00:00 [queued]>
[2024-10-13T19:30:17.545+0000] {taskinstance.py:2612} INFO - Dependencies all met for dep_context=requeueable deps ti=<TaskInstance: csv_to_star_schema_to_s3_to_redshift.truncate_fact_sales_table manual__2024-10-13T19:30:00.822028+00:00 [queued]>
[2024-10-13T19:30:17.546+0000] {taskinstance.py:2865} INFO - Starting attempt 1 of 2
[2024-10-13T19:30:17.554+0000] {taskinstance.py:2888} INFO - Executing <Task(SQLExecuteQueryOperator): truncate_fact_sales_table> on 2024-10-13 19:30:00.822028+00:00
[2024-10-13T19:30:17.559+0000] {logging_mixin.py:190} WARNING - /home/***/.local/lib/python3.12/site-packages/***/task/task_runner/standard_task_runner.py:70 DeprecationWarning: This process (pid=9204) is multi-threaded, use of fork() may lead to deadlocks in the child.
[2024-10-13T19:30:17.560+0000] {standard_task_runner.py:72} INFO - Started process 9214 to run task
[2024-10-13T19:30:17.559+0000] {standard_task_runner.py:104} INFO - Running: ['***', 'tasks', 'run', 'csv_to_star_schema_to_s3_to_redshift', 'truncate_fact_sales_table', 'manual__2024-10-13T19:30:00.822028+00:00', '--job-id', '196', '--raw', '--subdir', 'DAGS_FOLDER/sales_pipeline.py', '--cfg-path', '/tmp/tmpn0cech6f']
[2024-10-13T19:30:17.561+0000] {standard_task_runner.py:105} INFO - Job 196: Subtask truncate_fact_sales_table
[2024-10-13T19:30:17.572+0000] {logging_mixin.py:190} WARNING - /home/***/.local/lib/python3.12/site-packages/***/settings.py:209 DeprecationWarning: The sql_alchemy_conn option in [core] has been moved to the sql_alchemy_conn option in [database] - the old setting has been used, but please update your config.
[2024-10-13T19:30:17.589+0000] {task_command.py:467} INFO - Running <TaskInstance: csv_to_star_schema_to_s3_to_redshift.truncate_fact_sales_table manual__2024-10-13T19:30:00.822028+00:00 [running]> on host 66045655c750
[2024-10-13T19:30:17.634+0000] {taskinstance.py:3131} INFO - Exporting env vars: AIRFLOW_CTX_DAG_OWNER='***' AIRFLOW_CTX_DAG_ID='csv_to_star_schema_to_s3_to_redshift' AIRFLOW_CTX_TASK_ID='truncate_fact_sales_table' AIRFLOW_CTX_EXECUTION_DATE='2024-10-13T19:30:00.822028+00:00' AIRFLOW_CTX_TRY_NUMBER='1' AIRFLOW_CTX_DAG_RUN_ID='manual__2024-10-13T19:30:00.822028+00:00'
[2024-10-13T19:30:17.635+0000] {taskinstance.py:731} INFO - ::endgroup::
[2024-10-13T19:30:17.642+0000] {sql.py:266} INFO - Executing: TRUNCATE TABLE etl_data.fact_sales;
[2024-10-13T19:30:17.650+0000] {base.py:84} INFO - Retrieving connection 'redshift_default'
[2024-10-13T19:30:17.654+0000] {base.py:84} INFO - Retrieving connection 'redshift_default'
[2024-10-13T19:30:17.658+0000] {base.py:84} INFO - Retrieving connection 'aws_default'
[2024-10-13T19:30:17.659+0000] {connection_wrapper.py:388} INFO - AWS Connection (conn_id='aws_default', conn_type='aws') credentials retrieved from login and password.
[2024-10-13T19:30:18.855+0000] {credentials.py:1147} INFO - Found credentials in environment variables.
[2024-10-13T19:30:21.913+0000] {sql.py:509} INFO - Running statement: TRUNCATE TABLE etl_data.fact_sales;, parameters: None
[2024-10-13T19:30:24.993+0000] {taskinstance.py:340} INFO - ::group::Post task execution logs
[2024-10-13T19:30:24.994+0000] {taskinstance.py:352} INFO - Marking task as SUCCESS. dag_id=csv_to_star_schema_to_s3_to_redshift, task_id=truncate_fact_sales_table, run_id=manual__2024-10-13T19:30:00.822028+00:00, execution_date=20241013T193000, start_date=20241013T193017, end_date=20241013T193024
[2024-10-13T19:30:25.030+0000] {local_task_job_runner.py:266} INFO - Task exited with return code 0
[2024-10-13T19:30:25.035+0000] {local_task_job_runner.py:245} INFO - ::endgroup::
