[2024-10-07T13:26:21.228+0000] {local_task_job_runner.py:123} INFO - ::group::Pre task execution logs
[2024-10-07T13:26:21.236+0000] {taskinstance.py:2612} INFO - Dependencies all met for dep_context=non-requeueable deps ti=<TaskInstance: csv_to_star_schema_to_s3_to_redshift.transfer_dim_customer_to_redshift manual__2024-10-07T13:23:12.217197+00:00 [queued]>
[2024-10-07T13:26:21.242+0000] {taskinstance.py:2612} INFO - Dependencies all met for dep_context=requeueable deps ti=<TaskInstance: csv_to_star_schema_to_s3_to_redshift.transfer_dim_customer_to_redshift manual__2024-10-07T13:23:12.217197+00:00 [queued]>
[2024-10-07T13:26:21.243+0000] {taskinstance.py:2865} INFO - Starting attempt 1 of 2
[2024-10-07T13:26:21.252+0000] {taskinstance.py:2888} INFO - Executing <Task(S3ToRedshiftOperator): transfer_dim_customer_to_redshift> on 2024-10-07 13:23:12.217197+00:00
[2024-10-07T13:26:21.257+0000] {logging_mixin.py:190} WARNING - /home/***/.local/lib/python3.12/site-packages/***/task/task_runner/standard_task_runner.py:70 DeprecationWarning: This process (pid=11733) is multi-threaded, use of fork() may lead to deadlocks in the child.
[2024-10-07T13:26:21.258+0000] {standard_task_runner.py:72} INFO - Started process 11738 to run task
[2024-10-07T13:26:21.257+0000] {standard_task_runner.py:104} INFO - Running: ['***', 'tasks', 'run', 'csv_to_star_schema_to_s3_to_redshift', 'transfer_dim_customer_to_redshift', 'manual__2024-10-07T13:23:12.217197+00:00', '--job-id', '157', '--raw', '--subdir', 'DAGS_FOLDER/sales_pipeline.py', '--cfg-path', '/tmp/tmpijk0tiyf']
[2024-10-07T13:26:21.259+0000] {standard_task_runner.py:105} INFO - Job 157: Subtask transfer_dim_customer_to_redshift
[2024-10-07T13:26:21.270+0000] {logging_mixin.py:190} WARNING - /home/***/.local/lib/python3.12/site-packages/***/settings.py:209 DeprecationWarning: The sql_alchemy_conn option in [core] has been moved to the sql_alchemy_conn option in [database] - the old setting has been used, but please update your config.
[2024-10-07T13:26:21.289+0000] {task_command.py:467} INFO - Running <TaskInstance: csv_to_star_schema_to_s3_to_redshift.transfer_dim_customer_to_redshift manual__2024-10-07T13:23:12.217197+00:00 [running]> on host 66045655c750
[2024-10-07T13:26:21.337+0000] {taskinstance.py:3131} INFO - Exporting env vars: AIRFLOW_CTX_DAG_OWNER='***' AIRFLOW_CTX_DAG_ID='csv_to_star_schema_to_s3_to_redshift' AIRFLOW_CTX_TASK_ID='transfer_dim_customer_to_redshift' AIRFLOW_CTX_EXECUTION_DATE='2024-10-07T13:23:12.217197+00:00' AIRFLOW_CTX_TRY_NUMBER='1' AIRFLOW_CTX_DAG_RUN_ID='manual__2024-10-07T13:23:12.217197+00:00'
[2024-10-07T13:26:21.338+0000] {taskinstance.py:731} INFO - ::endgroup::
[2024-10-07T13:26:21.352+0000] {base.py:84} INFO - Retrieving connection 'aws_default'
[2024-10-07T13:26:21.357+0000] {base.py:84} INFO - Retrieving connection 'aws_default'
[2024-10-07T13:26:21.358+0000] {connection_wrapper.py:388} INFO - AWS Connection (conn_id='aws_default', conn_type='aws') credentials retrieved from login and password.
[2024-10-07T13:26:21.366+0000] {s3_to_redshift.py:194} INFO - Executing COPY command...
[2024-10-07T13:26:21.371+0000] {base.py:84} INFO - Retrieving connection 'redshift_default'
[2024-10-07T13:26:21.376+0000] {base.py:84} INFO - Retrieving connection 'aws_default'
[2024-10-07T13:26:21.377+0000] {connection_wrapper.py:388} INFO - AWS Connection (conn_id='aws_default', conn_type='aws') credentials retrieved from login and password.
[2024-10-07T13:26:22.630+0000] {credentials.py:1147} INFO - Found credentials in environment variables.
[2024-10-07T13:26:24.674+0000] {sql.py:509} INFO - Running statement: 
                    COPY etl_data.dim_customer 
                    FROM 's3://finalprojectdibimbing/data/dim_customer.csv'
                    credentials
                    'aws_access_key_id=AKIATL6XMQFJ5UANYFMX;aws_secret_access_key=***'
                    
                    CSV
			IGNOREHEADER 1;
        , parameters: None
[2024-10-07T13:26:26.145+0000] {s3_to_redshift.py:199} INFO - COPY command complete...
[2024-10-07T13:26:26.151+0000] {taskinstance.py:340} INFO - ::group::Post task execution logs
[2024-10-07T13:26:26.151+0000] {taskinstance.py:352} INFO - Marking task as SUCCESS. dag_id=csv_to_star_schema_to_s3_to_redshift, task_id=transfer_dim_customer_to_redshift, run_id=manual__2024-10-07T13:23:12.217197+00:00, execution_date=20241007T132312, start_date=20241007T132621, end_date=20241007T132626
[2024-10-07T13:26:26.169+0000] {local_task_job_runner.py:266} INFO - Task exited with return code 0
[2024-10-07T13:26:26.179+0000] {taskinstance.py:3900} INFO - 0 downstream tasks scheduled from follow-on schedule check
[2024-10-07T13:26:26.183+0000] {local_task_job_runner.py:245} INFO - ::endgroup::
