[2024-10-06T19:56:33.941+0000] {local_task_job_runner.py:123} INFO - ::group::Pre task execution logs
[2024-10-06T19:56:33.949+0000] {taskinstance.py:2612} INFO - Dependencies all met for dep_context=non-requeueable deps ti=<TaskInstance: csv_to_star_schema_to_s3_to_redshift.transform_to_star_schema manual__2024-10-06T19:56:33.362430+00:00 [queued]>
[2024-10-06T19:56:33.953+0000] {taskinstance.py:2612} INFO - Dependencies all met for dep_context=requeueable deps ti=<TaskInstance: csv_to_star_schema_to_s3_to_redshift.transform_to_star_schema manual__2024-10-06T19:56:33.362430+00:00 [queued]>
[2024-10-06T19:56:33.954+0000] {taskinstance.py:2865} INFO - Starting attempt 1 of 2
[2024-10-06T19:56:33.962+0000] {taskinstance.py:2888} INFO - Executing <Task(PythonOperator): transform_to_star_schema> on 2024-10-06 19:56:33.362430+00:00
[2024-10-06T19:56:33.967+0000] {logging_mixin.py:190} WARNING - /home/***/.local/lib/python3.12/site-packages/***/task/task_runner/standard_task_runner.py:70 DeprecationWarning: This process (pid=1873) is multi-threaded, use of fork() may lead to deadlocks in the child.
[2024-10-06T19:56:33.968+0000] {standard_task_runner.py:72} INFO - Started process 1875 to run task
[2024-10-06T19:56:33.967+0000] {standard_task_runner.py:104} INFO - Running: ['***', 'tasks', 'run', 'csv_to_star_schema_to_s3_to_redshift', 'transform_to_star_schema', 'manual__2024-10-06T19:56:33.362430+00:00', '--job-id', '97', '--raw', '--subdir', 'DAGS_FOLDER/sales_pipeline.py', '--cfg-path', '/tmp/tmpccijch_b']
[2024-10-06T19:56:33.969+0000] {standard_task_runner.py:105} INFO - Job 97: Subtask transform_to_star_schema
[2024-10-06T19:56:33.979+0000] {logging_mixin.py:190} WARNING - /home/***/.local/lib/python3.12/site-packages/***/settings.py:209 DeprecationWarning: The sql_alchemy_conn option in [core] has been moved to the sql_alchemy_conn option in [database] - the old setting has been used, but please update your config.
[2024-10-06T19:56:33.999+0000] {task_command.py:467} INFO - Running <TaskInstance: csv_to_star_schema_to_s3_to_redshift.transform_to_star_schema manual__2024-10-06T19:56:33.362430+00:00 [running]> on host 66045655c750
[2024-10-06T19:56:34.042+0000] {taskinstance.py:3131} INFO - Exporting env vars: AIRFLOW_CTX_DAG_OWNER='***' AIRFLOW_CTX_DAG_ID='csv_to_star_schema_to_s3_to_redshift' AIRFLOW_CTX_TASK_ID='transform_to_star_schema' AIRFLOW_CTX_EXECUTION_DATE='2024-10-06T19:56:33.362430+00:00' AIRFLOW_CTX_TRY_NUMBER='1' AIRFLOW_CTX_DAG_RUN_ID='manual__2024-10-06T19:56:33.362430+00:00'
[2024-10-06T19:56:34.043+0000] {taskinstance.py:731} INFO - ::endgroup::
[2024-10-06T19:56:34.151+0000] {logging_mixin.py:190} INFO - Columns in the input file: ['Order_Date', 'Time', 'Aging', 'Customer_Id', 'Gender', 'Device_Type', 'Customer_Login_type', 'Product_Category', 'Product', 'Sales', 'Quantity', 'Discount', 'Profit', 'Shipping_Cost', 'Order_Priority', 'Payment_method']
[2024-10-06T19:56:34.908+0000] {python.py:240} INFO - Done. Returned value was: {'dim_customer': '/opt/***/data/star_schema/dim_customer.csv', 'dim_product': '/opt/***/data/star_schema/dim_product.csv', 'dim_date': '/opt/***/data/star_schema/dim_date.csv', 'fact_sales': '/opt/***/data/star_schema/fact_sales.csv'}
[2024-10-06T19:56:34.920+0000] {taskinstance.py:340} INFO - ::group::Post task execution logs
[2024-10-06T19:56:34.921+0000] {taskinstance.py:352} INFO - Marking task as SUCCESS. dag_id=csv_to_star_schema_to_s3_to_redshift, task_id=transform_to_star_schema, run_id=manual__2024-10-06T19:56:33.362430+00:00, execution_date=20241006T195633, start_date=20241006T195633, end_date=20241006T195634
[2024-10-06T19:56:34.946+0000] {local_task_job_runner.py:266} INFO - Task exited with return code 0
[2024-10-06T19:56:34.962+0000] {taskinstance.py:3900} INFO - 1 downstream tasks scheduled from follow-on schedule check
[2024-10-06T19:56:34.965+0000] {local_task_job_runner.py:245} INFO - ::endgroup::
