[2024-10-07T12:57:07.115+0000] {local_task_job_runner.py:123} INFO - ::group::Pre task execution logs
[2024-10-07T12:57:07.123+0000] {taskinstance.py:2612} INFO - Dependencies all met for dep_context=non-requeueable deps ti=<TaskInstance: csv_to_star_schema_to_s3_to_redshift.truncate_fact_sales_table manual__2024-10-07T12:56:50.914649+00:00 [queued]>
[2024-10-07T12:57:07.127+0000] {taskinstance.py:2612} INFO - Dependencies all met for dep_context=requeueable deps ti=<TaskInstance: csv_to_star_schema_to_s3_to_redshift.truncate_fact_sales_table manual__2024-10-07T12:56:50.914649+00:00 [queued]>
[2024-10-07T12:57:07.128+0000] {taskinstance.py:2865} INFO - Starting attempt 1 of 2
[2024-10-07T12:57:07.136+0000] {taskinstance.py:2888} INFO - Executing <Task(SQLExecuteQueryOperator): truncate_fact_sales_table> on 2024-10-07 12:56:50.914649+00:00
[2024-10-07T12:57:07.140+0000] {logging_mixin.py:190} WARNING - /home/***/.local/lib/python3.12/site-packages/***/task/task_runner/standard_task_runner.py:70 DeprecationWarning: This process (pid=10897) is multi-threaded, use of fork() may lead to deadlocks in the child.
[2024-10-07T12:57:07.141+0000] {standard_task_runner.py:104} INFO - Running: ['***', 'tasks', 'run', 'csv_to_star_schema_to_s3_to_redshift', 'truncate_fact_sales_table', 'manual__2024-10-07T12:56:50.914649+00:00', '--job-id', '128', '--raw', '--subdir', 'DAGS_FOLDER/sales_pipeline.py', '--cfg-path', '/tmp/tmp2ca92vk2']
[2024-10-07T12:57:07.142+0000] {standard_task_runner.py:72} INFO - Started process 10899 to run task
[2024-10-07T12:57:07.142+0000] {standard_task_runner.py:105} INFO - Job 128: Subtask truncate_fact_sales_table
[2024-10-07T12:57:07.153+0000] {logging_mixin.py:190} WARNING - /home/***/.local/lib/python3.12/site-packages/***/settings.py:209 DeprecationWarning: The sql_alchemy_conn option in [core] has been moved to the sql_alchemy_conn option in [database] - the old setting has been used, but please update your config.
[2024-10-07T12:57:07.170+0000] {task_command.py:467} INFO - Running <TaskInstance: csv_to_star_schema_to_s3_to_redshift.truncate_fact_sales_table manual__2024-10-07T12:56:50.914649+00:00 [running]> on host 66045655c750
[2024-10-07T12:57:07.213+0000] {taskinstance.py:3131} INFO - Exporting env vars: AIRFLOW_CTX_DAG_OWNER='***' AIRFLOW_CTX_DAG_ID='csv_to_star_schema_to_s3_to_redshift' AIRFLOW_CTX_TASK_ID='truncate_fact_sales_table' AIRFLOW_CTX_EXECUTION_DATE='2024-10-07T12:56:50.914649+00:00' AIRFLOW_CTX_TRY_NUMBER='1' AIRFLOW_CTX_DAG_RUN_ID='manual__2024-10-07T12:56:50.914649+00:00'
[2024-10-07T12:57:07.214+0000] {taskinstance.py:731} INFO - ::endgroup::
[2024-10-07T12:57:07.221+0000] {sql.py:266} INFO - Executing: TRUNCATE TABLE etl_data.fact_sales;
[2024-10-07T12:57:07.228+0000] {base.py:84} INFO - Retrieving connection 'redshift_default'
[2024-10-07T12:57:07.232+0000] {base.py:84} INFO - Retrieving connection 'redshift_default'
[2024-10-07T12:57:07.236+0000] {base.py:84} INFO - Retrieving connection 'aws_default'
[2024-10-07T12:57:07.237+0000] {connection_wrapper.py:388} INFO - AWS Connection (conn_id='aws_default', conn_type='aws') credentials retrieved from login and password.
[2024-10-07T12:57:08.392+0000] {credentials.py:1147} INFO - Found credentials in environment variables.
[2024-10-07T12:57:10.174+0000] {sql.py:509} INFO - Running statement: TRUNCATE TABLE etl_data.fact_sales;, parameters: None
[2024-10-07T12:57:12.903+0000] {taskinstance.py:340} INFO - ::group::Post task execution logs
[2024-10-07T12:57:12.904+0000] {taskinstance.py:352} INFO - Marking task as SUCCESS. dag_id=csv_to_star_schema_to_s3_to_redshift, task_id=truncate_fact_sales_table, run_id=manual__2024-10-07T12:56:50.914649+00:00, execution_date=20241007T125650, start_date=20241007T125707, end_date=20241007T125712
[2024-10-07T12:57:13.164+0000] {local_task_job_runner.py:266} INFO - Task exited with return code 0
[2024-10-07T12:57:13.178+0000] {taskinstance.py:3900} INFO - 1 downstream tasks scheduled from follow-on schedule check
[2024-10-07T12:57:13.181+0000] {local_task_job_runner.py:245} INFO - ::endgroup::
