[2024-10-13T19:30:10.443+0000] {local_task_job_runner.py:123} INFO - ::group::Pre task execution logs
[2024-10-13T19:30:10.451+0000] {taskinstance.py:2612} INFO - Dependencies all met for dep_context=non-requeueable deps ti=<TaskInstance: csv_to_star_schema_to_s3_to_redshift.create_fact_sales_table manual__2024-10-13T19:30:00.822028+00:00 [queued]>
[2024-10-13T19:30:10.456+0000] {taskinstance.py:2612} INFO - Dependencies all met for dep_context=requeueable deps ti=<TaskInstance: csv_to_star_schema_to_s3_to_redshift.create_fact_sales_table manual__2024-10-13T19:30:00.822028+00:00 [queued]>
[2024-10-13T19:30:10.457+0000] {taskinstance.py:2865} INFO - Starting attempt 1 of 2
[2024-10-13T19:30:10.591+0000] {taskinstance.py:2888} INFO - Executing <Task(SQLExecuteQueryOperator): create_fact_sales_table> on 2024-10-13 19:30:00.822028+00:00
[2024-10-13T19:30:10.596+0000] {logging_mixin.py:190} WARNING - /home/***/.local/lib/python3.12/site-packages/***/task/task_runner/standard_task_runner.py:70 DeprecationWarning: This process (pid=9181) is multi-threaded, use of fork() may lead to deadlocks in the child.
[2024-10-13T19:30:10.597+0000] {standard_task_runner.py:72} INFO - Started process 9189 to run task
[2024-10-13T19:30:10.596+0000] {standard_task_runner.py:104} INFO - Running: ['***', 'tasks', 'run', 'csv_to_star_schema_to_s3_to_redshift', 'create_fact_sales_table', 'manual__2024-10-13T19:30:00.822028+00:00', '--job-id', '189', '--raw', '--subdir', 'DAGS_FOLDER/sales_pipeline.py', '--cfg-path', '/tmp/tmpeaw4mjf4']
[2024-10-13T19:30:10.598+0000] {standard_task_runner.py:105} INFO - Job 189: Subtask create_fact_sales_table
[2024-10-13T19:30:10.611+0000] {logging_mixin.py:190} WARNING - /home/***/.local/lib/python3.12/site-packages/***/settings.py:209 DeprecationWarning: The sql_alchemy_conn option in [core] has been moved to the sql_alchemy_conn option in [database] - the old setting has been used, but please update your config.
[2024-10-13T19:30:10.631+0000] {task_command.py:467} INFO - Running <TaskInstance: csv_to_star_schema_to_s3_to_redshift.create_fact_sales_table manual__2024-10-13T19:30:00.822028+00:00 [running]> on host 66045655c750
[2024-10-13T19:30:10.685+0000] {taskinstance.py:3131} INFO - Exporting env vars: AIRFLOW_CTX_DAG_OWNER='***' AIRFLOW_CTX_DAG_ID='csv_to_star_schema_to_s3_to_redshift' AIRFLOW_CTX_TASK_ID='create_fact_sales_table' AIRFLOW_CTX_EXECUTION_DATE='2024-10-13T19:30:00.822028+00:00' AIRFLOW_CTX_TRY_NUMBER='1' AIRFLOW_CTX_DAG_RUN_ID='manual__2024-10-13T19:30:00.822028+00:00'
[2024-10-13T19:30:10.686+0000] {taskinstance.py:731} INFO - ::endgroup::
[2024-10-13T19:30:10.695+0000] {sql.py:266} INFO - Executing: 
        CREATE TABLE IF NOT EXISTS etl_data.fact_sales (
            customer_key INT, product_key INT, date_key INT, Time VARCHAR(255), Aging FLOAT, Device_Type VARCHAR(255), Sales FLOAT, Quantity FLOAT, Discount FLOAT, Profit FLOAT, Shipping_Cost FLOAT, Order_Priority VARCHAR(255), Payment_method VARCHAR(255), Profit_Margin FLOAT, Profit_Margin_Category VARCHAR(255), Total_Revenue FLOAT
        );
        
[2024-10-13T19:30:10.702+0000] {base.py:84} INFO - Retrieving connection 'redshift_default'
[2024-10-13T19:30:10.707+0000] {base.py:84} INFO - Retrieving connection 'redshift_default'
[2024-10-13T19:30:10.712+0000] {base.py:84} INFO - Retrieving connection 'aws_default'
[2024-10-13T19:30:10.712+0000] {connection_wrapper.py:388} INFO - AWS Connection (conn_id='aws_default', conn_type='aws') credentials retrieved from login and password.
[2024-10-13T19:30:12.006+0000] {credentials.py:1147} INFO - Found credentials in environment variables.
[2024-10-13T19:30:15.077+0000] {sql.py:509} INFO - Running statement: 
        CREATE TABLE IF NOT EXISTS etl_data.fact_sales (
            customer_key INT, product_key INT, date_key INT, Time VARCHAR(255), Aging FLOAT, Device_Type VARCHAR(255), Sales FLOAT, Quantity FLOAT, Discount FLOAT, Profit FLOAT, Shipping_Cost FLOAT, Order_Priority VARCHAR(255), Payment_method VARCHAR(255), Profit_Margin FLOAT, Profit_Margin_Category VARCHAR(255), Total_Revenue FLOAT
        );
        , parameters: None
[2024-10-13T19:30:16.846+0000] {taskinstance.py:340} INFO - ::group::Post task execution logs
[2024-10-13T19:30:16.847+0000] {taskinstance.py:352} INFO - Marking task as SUCCESS. dag_id=csv_to_star_schema_to_s3_to_redshift, task_id=create_fact_sales_table, run_id=manual__2024-10-13T19:30:00.822028+00:00, execution_date=20241013T193000, start_date=20241013T193010, end_date=20241013T193016
[2024-10-13T19:30:16.864+0000] {local_task_job_runner.py:266} INFO - Task exited with return code 0
[2024-10-13T19:30:16.869+0000] {local_task_job_runner.py:245} INFO - ::endgroup::
