[2024-10-07T13:23:41.943+0000] {local_task_job_runner.py:123} INFO - ::group::Pre task execution logs
[2024-10-07T13:23:41.951+0000] {taskinstance.py:2612} INFO - Dependencies all met for dep_context=non-requeueable deps ti=<TaskInstance: csv_to_star_schema_to_s3_to_redshift.transfer_dim_product_to_redshift manual__2024-10-07T13:23:12.217197+00:00 [queued]>
[2024-10-07T13:23:41.955+0000] {taskinstance.py:2612} INFO - Dependencies all met for dep_context=requeueable deps ti=<TaskInstance: csv_to_star_schema_to_s3_to_redshift.transfer_dim_product_to_redshift manual__2024-10-07T13:23:12.217197+00:00 [queued]>
[2024-10-07T13:23:41.956+0000] {taskinstance.py:2865} INFO - Starting attempt 1 of 2
[2024-10-07T13:23:41.964+0000] {taskinstance.py:2888} INFO - Executing <Task(S3ToRedshiftOperator): transfer_dim_product_to_redshift> on 2024-10-07 13:23:12.217197+00:00
[2024-10-07T13:23:41.970+0000] {logging_mixin.py:190} WARNING - /home/***/.local/lib/python3.12/site-packages/***/task/task_runner/standard_task_runner.py:70 DeprecationWarning: This process (pid=11637) is multi-threaded, use of fork() may lead to deadlocks in the child.
[2024-10-07T13:23:41.971+0000] {standard_task_runner.py:72} INFO - Started process 11639 to run task
[2024-10-07T13:23:41.971+0000] {standard_task_runner.py:104} INFO - Running: ['***', 'tasks', 'run', 'csv_to_star_schema_to_s3_to_redshift', 'transfer_dim_product_to_redshift', 'manual__2024-10-07T13:23:12.217197+00:00', '--job-id', '152', '--raw', '--subdir', 'DAGS_FOLDER/sales_pipeline.py', '--cfg-path', '/tmp/tmp2mc74bah']
[2024-10-07T13:23:41.972+0000] {standard_task_runner.py:105} INFO - Job 152: Subtask transfer_dim_product_to_redshift
[2024-10-07T13:23:41.983+0000] {logging_mixin.py:190} WARNING - /home/***/.local/lib/python3.12/site-packages/***/settings.py:209 DeprecationWarning: The sql_alchemy_conn option in [core] has been moved to the sql_alchemy_conn option in [database] - the old setting has been used, but please update your config.
[2024-10-07T13:23:42.001+0000] {task_command.py:467} INFO - Running <TaskInstance: csv_to_star_schema_to_s3_to_redshift.transfer_dim_product_to_redshift manual__2024-10-07T13:23:12.217197+00:00 [running]> on host 66045655c750
[2024-10-07T13:23:42.045+0000] {taskinstance.py:3131} INFO - Exporting env vars: AIRFLOW_CTX_DAG_OWNER='***' AIRFLOW_CTX_DAG_ID='csv_to_star_schema_to_s3_to_redshift' AIRFLOW_CTX_TASK_ID='transfer_dim_product_to_redshift' AIRFLOW_CTX_EXECUTION_DATE='2024-10-07T13:23:12.217197+00:00' AIRFLOW_CTX_TRY_NUMBER='1' AIRFLOW_CTX_DAG_RUN_ID='manual__2024-10-07T13:23:12.217197+00:00'
[2024-10-07T13:23:42.046+0000] {taskinstance.py:731} INFO - ::endgroup::
[2024-10-07T13:23:42.059+0000] {base.py:84} INFO - Retrieving connection 'aws_default'
[2024-10-07T13:23:42.064+0000] {base.py:84} INFO - Retrieving connection 'aws_default'
[2024-10-07T13:23:42.065+0000] {connection_wrapper.py:388} INFO - AWS Connection (conn_id='aws_default', conn_type='aws') credentials retrieved from login and password.
[2024-10-07T13:23:42.072+0000] {s3_to_redshift.py:194} INFO - Executing COPY command...
[2024-10-07T13:23:42.076+0000] {base.py:84} INFO - Retrieving connection 'redshift_default'
[2024-10-07T13:23:42.080+0000] {base.py:84} INFO - Retrieving connection 'aws_default'
[2024-10-07T13:23:42.081+0000] {connection_wrapper.py:388} INFO - AWS Connection (conn_id='aws_default', conn_type='aws') credentials retrieved from login and password.
[2024-10-07T13:23:43.295+0000] {credentials.py:1147} INFO - Found credentials in environment variables.
[2024-10-07T13:23:45.074+0000] {sql.py:509} INFO - Running statement: 
                    COPY etl_data.dim_product 
                    FROM 's3://finalprojectdibimbing/data/dim_product.csv'
                    credentials
                    'aws_access_key_id=AKIATL6XMQFJ5UANYFMX;aws_secret_access_key=***'
                    
                    CSV
			IGNOREHEADER 1;
        , parameters: None
[2024-10-07T13:23:46.505+0000] {s3_to_redshift.py:199} INFO - COPY command complete...
[2024-10-07T13:23:46.510+0000] {taskinstance.py:340} INFO - ::group::Post task execution logs
[2024-10-07T13:23:46.511+0000] {taskinstance.py:352} INFO - Marking task as SUCCESS. dag_id=csv_to_star_schema_to_s3_to_redshift, task_id=transfer_dim_product_to_redshift, run_id=manual__2024-10-07T13:23:12.217197+00:00, execution_date=20241007T132312, start_date=20241007T132341, end_date=20241007T132346
[2024-10-07T13:23:46.561+0000] {local_task_job_runner.py:266} INFO - Task exited with return code 0
[2024-10-07T13:23:46.571+0000] {taskinstance.py:3900} INFO - 0 downstream tasks scheduled from follow-on schedule check
[2024-10-07T13:23:46.574+0000] {local_task_job_runner.py:245} INFO - ::endgroup::
