[2024-10-07T12:57:00.374+0000] {local_task_job_runner.py:123} INFO - ::group::Pre task execution logs
[2024-10-07T12:57:00.382+0000] {taskinstance.py:2612} INFO - Dependencies all met for dep_context=non-requeueable deps ti=<TaskInstance: csv_to_star_schema_to_s3_to_redshift.create_fact_sales_table manual__2024-10-07T12:56:50.914649+00:00 [queued]>
[2024-10-07T12:57:00.386+0000] {taskinstance.py:2612} INFO - Dependencies all met for dep_context=requeueable deps ti=<TaskInstance: csv_to_star_schema_to_s3_to_redshift.create_fact_sales_table manual__2024-10-07T12:56:50.914649+00:00 [queued]>
[2024-10-07T12:57:00.386+0000] {taskinstance.py:2865} INFO - Starting attempt 1 of 2
[2024-10-07T12:57:00.396+0000] {taskinstance.py:2888} INFO - Executing <Task(SQLExecuteQueryOperator): create_fact_sales_table> on 2024-10-07 12:56:50.914649+00:00
[2024-10-07T12:57:00.402+0000] {logging_mixin.py:190} WARNING - /home/***/.local/lib/python3.12/site-packages/***/task/task_runner/standard_task_runner.py:70 DeprecationWarning: This process (pid=10868) is multi-threaded, use of fork() may lead to deadlocks in the child.
[2024-10-07T12:57:00.404+0000] {standard_task_runner.py:72} INFO - Started process 10874 to run task
[2024-10-07T12:57:00.402+0000] {standard_task_runner.py:104} INFO - Running: ['***', 'tasks', 'run', 'csv_to_star_schema_to_s3_to_redshift', 'create_fact_sales_table', 'manual__2024-10-07T12:56:50.914649+00:00', '--job-id', '124', '--raw', '--subdir', 'DAGS_FOLDER/sales_pipeline.py', '--cfg-path', '/tmp/tmpjee30lrh']
[2024-10-07T12:57:00.404+0000] {standard_task_runner.py:105} INFO - Job 124: Subtask create_fact_sales_table
[2024-10-07T12:57:00.418+0000] {logging_mixin.py:190} WARNING - /home/***/.local/lib/python3.12/site-packages/***/settings.py:209 DeprecationWarning: The sql_alchemy_conn option in [core] has been moved to the sql_alchemy_conn option in [database] - the old setting has been used, but please update your config.
[2024-10-07T12:57:00.435+0000] {task_command.py:467} INFO - Running <TaskInstance: csv_to_star_schema_to_s3_to_redshift.create_fact_sales_table manual__2024-10-07T12:56:50.914649+00:00 [running]> on host 66045655c750
[2024-10-07T12:57:00.486+0000] {taskinstance.py:3131} INFO - Exporting env vars: AIRFLOW_CTX_DAG_OWNER='***' AIRFLOW_CTX_DAG_ID='csv_to_star_schema_to_s3_to_redshift' AIRFLOW_CTX_TASK_ID='create_fact_sales_table' AIRFLOW_CTX_EXECUTION_DATE='2024-10-07T12:56:50.914649+00:00' AIRFLOW_CTX_TRY_NUMBER='1' AIRFLOW_CTX_DAG_RUN_ID='manual__2024-10-07T12:56:50.914649+00:00'
[2024-10-07T12:57:00.487+0000] {taskinstance.py:731} INFO - ::endgroup::
[2024-10-07T12:57:00.495+0000] {sql.py:266} INFO - Executing: 
        CREATE TABLE IF NOT EXISTS etl_data.fact_sales (
            customer_key INT, product_key INT, date_key INT, Time VARCHAR(255), Aging FLOAT, Device_Type VARCHAR(255), Sales FLOAT, Quantity FLOAT, Discount FLOAT, Profit FLOAT, Shipping_Cost FLOAT, Order_Priority VARCHAR(255), Payment_method VARCHAR(255), Profit_Margin FLOAT, Profit_Margin_Category VARCHAR(255), Total_Revenue FLOAT
        );
        
[2024-10-07T12:57:00.502+0000] {base.py:84} INFO - Retrieving connection 'redshift_default'
[2024-10-07T12:57:00.506+0000] {base.py:84} INFO - Retrieving connection 'redshift_default'
[2024-10-07T12:57:00.510+0000] {base.py:84} INFO - Retrieving connection 'aws_default'
[2024-10-07T12:57:00.511+0000] {connection_wrapper.py:388} INFO - AWS Connection (conn_id='aws_default', conn_type='aws') credentials retrieved from login and password.
[2024-10-07T12:57:01.713+0000] {credentials.py:1147} INFO - Found credentials in environment variables.
[2024-10-07T12:57:04.754+0000] {sql.py:509} INFO - Running statement: 
        CREATE TABLE IF NOT EXISTS etl_data.fact_sales (
            customer_key INT, product_key INT, date_key INT, Time VARCHAR(255), Aging FLOAT, Device_Type VARCHAR(255), Sales FLOAT, Quantity FLOAT, Discount FLOAT, Profit FLOAT, Shipping_Cost FLOAT, Order_Priority VARCHAR(255), Payment_method VARCHAR(255), Profit_Margin FLOAT, Profit_Margin_Category VARCHAR(255), Total_Revenue FLOAT
        );
        , parameters: None
[2024-10-07T12:57:06.147+0000] {taskinstance.py:340} INFO - ::group::Post task execution logs
[2024-10-07T12:57:06.148+0000] {taskinstance.py:352} INFO - Marking task as SUCCESS. dag_id=csv_to_star_schema_to_s3_to_redshift, task_id=create_fact_sales_table, run_id=manual__2024-10-07T12:56:50.914649+00:00, execution_date=20241007T125650, start_date=20241007T125700, end_date=20241007T125706
[2024-10-07T12:57:06.184+0000] {local_task_job_runner.py:266} INFO - Task exited with return code 0
[2024-10-07T12:57:06.197+0000] {taskinstance.py:3900} INFO - 1 downstream tasks scheduled from follow-on schedule check
[2024-10-07T12:57:06.200+0000] {local_task_job_runner.py:245} INFO - ::endgroup::
